<?xml version="1.0" encoding="UTF-8"?>
<testng-results ignored="0" total="1" passed="1" failed="0" skipped="0">
  <reporter-output>
  </reporter-output>
  <suite started-at="2021-03-15T16:09:48Z" name="Suite" finished-at="2021-03-15T16:10:21Z" duration-ms="32977">
    <groups>
    </groups>
    <test started-at="2021-03-15T16:09:48Z" name="Test" finished-at="2021-03-15T16:10:21Z" duration-ms="32977">
      <class name="com.scripts.actitime.ActiTimeLogin">
        <test-method is-config="true" signature="openBrowser()[pri:0, instance:com.scripts.actitime.ActiTimeLogin@60704c]" started-at="2021-03-15T16:09:48Z" name="openBrowser" finished-at="2021-03-15T16:10:05Z" duration-ms="16290" status="PASS">
          <reporter-output>
          </reporter-output>
        </test-method> <!-- openBrowser -->
        <test-method signature="login()[pri:0, instance:com.scripts.actitime.ActiTimeLogin@60704c]" started-at="2021-03-15T16:10:05Z" name="login" finished-at="2021-03-15T16:10:21Z" duration-ms="16645" status="PASS">
          <reporter-output>
          </reporter-output>
        </test-method> <!-- login -->
      </class> <!-- com.scripts.actitime.ActiTimeLogin -->
    </test> <!-- Test -->
  </suite> <!-- Suite -->
</testng-results>
